2014-01-28 08:16:54,229 [      0]   INFO -        #com.intellij.idea.Main - ------------------------------------------------------ IDE STARTED ------------------------------------------------------ 
2014-01-28 08:16:54,248 [     19]   INFO -        #com.intellij.idea.Main - IDE: PhpStorm (build #PS-133.679, 22 Jan 2014 00:00) 
2014-01-28 08:16:54,249 [     20]   INFO -        #com.intellij.idea.Main - OS: Linux (3.2.0-58-generic, amd64) 
2014-01-28 08:16:54,249 [     20]   INFO -        #com.intellij.idea.Main - JRE: 1.7.0_51-b00 (Oracle Corporation) 
2014-01-28 08:16:54,249 [     20]   INFO -        #com.intellij.idea.Main - JVM: 24.45-b08 (OpenJDK 64-Bit Server VM) 
2014-01-28 08:16:54,254 [     25]   INFO -        #com.intellij.idea.Main - JVM Args: -Xms128m -Xmx750m -XX:MaxPermSize=350m -XX:ReservedCodeCacheSize=96m -ea -Dsun.io.useCanonCaches=false -Djava.net.preferIPv4Stack=true -XX:+UseCodeCacheFlushing -XX:+UseConcMarkSweepGC -XX:SoftRefLRUPolicyMSPerMB=50 -Dawt.useSystemAAFontSettings=lcd -Djb.vmOptionsFile=./phpstorm64.vmoptions -Xbootclasspath/a:./../lib/boot.jar -Didea.paths.selector=WebIde70 -Didea.platform.prefix=PhpStorm -Didea.no.jre.check=true -Djb.restart.code=88 
2014-01-28 08:16:54,295 [     66]   INFO -        #com.intellij.idea.Main - JNA library loaded (64-bit) in 41 ms 
2014-01-28 08:16:54,321 [     92]   INFO -        #com.intellij.idea.Main - Snappy library loaded (1.0.5) in 17 ms 
2014-01-28 08:17:22,493 [  28264]   INFO - .intellij.idea.IdeaApplication - WM detected: Metacity 
2014-01-28 08:17:23,242 [  29013]   INFO - llij.ide.plugins.PluginManager - Cannot find optional descriptor intellilang-python-support.xml 
2014-01-28 08:17:23,294 [  29065]   INFO - llij.ide.plugins.PluginManager - Cannot find optional descriptor intellilang-python-support.xml 
2014-01-28 08:17:25,631 [  31402]   INFO - llij.ide.plugins.PluginManager - 49 plugins initialized in 2882 ms 
2014-01-28 08:17:25,632 [  31403]   INFO - llij.ide.plugins.PluginManager - Loaded bundled plugins: ASP (0.1), Apache config (.htaccess) support (133.679), CSS Support, CVS Integration (11), CoffeeScript (2.0), Command Line Tool Support (133.679), Database Support (1.0), Drupal Support (133.679), File Watchers (999.999), Framework MVC Structure Support (133.679), GNU GetText files support (*.po) (134.SNAPSHOT), Gherkin (1.2), Git Integration (8.1), GitHub, Google App Engine Support for PHP (133.679), HAML, HTML Tools (2.0), IDEA CORE, Ini4Idea (133.679), Inspection-JS (2.0), IntelliLang (8.0), Java Server Pages Integration (1.0), JavaScript Debugger (1.0), JavaScript Intention Power Pack (0.9.4), JavaScript Support (1.0), LESS support, PHP (133.679), Perforce Integration (2.0), Phing Support (133.679), QuirksMode, REST Client, ReStructuredText Support (134.SNAPSHOT), Refactor-X (2.01), Remote Hosts Access (0.1), SASS support, SQL support (1.0), SSH Remote Run (0.1), Subversion Integration (1.1), Task Management (1.0), Terminal (0.1), TextMate bundles support (VERSION), Twig Support (133.679), UML Support (1.0), Vagrant (133.679), W3C Validators (2.0), XPathView + XSLT Support (4), XSLT-Debugger (1.4), YAML, hg4idea (10.0) 
2014-01-28 08:17:27,263 [  33034]   INFO - ellij.vfs.persistent.FSRecords - Marking VFS as corrupted 
2014-01-28 08:17:27,266 [  33037]   INFO - ellij.util.io.PagedFileStorage - lower=100; upper=200; buffer=10; max=756744192 
2014-01-28 08:17:27,323 [  33094]   INFO - api.vfs.impl.local.FileWatcher - Starting file watcher: /home/romainprignon/app/phpstorm/bin/fsnotifier64 
2014-01-28 08:17:27,353 [  33124]   INFO - api.vfs.impl.local.FileWatcher - Native file watcher is operational. 
2014-01-28 08:17:27,477 [  33248]   INFO - s.impl.stores.FileBasedStorage - Document was not loaded for $APP_CONFIG$/other.xml file is null 
2014-01-28 08:17:27,488 [  33259]   INFO - s.impl.stores.FileBasedStorage - Document was not loaded for $APP_CONFIG$/project.default.xml file is null 
2014-01-28 08:17:27,724 [  33495]   INFO - s.impl.stores.FileBasedStorage - Document was not loaded for $APP_CONFIG$/filetypes.xml file is null 
2014-01-28 08:17:29,995 [  35766]   INFO - .history.utils.LocalHistoryLog - local history version mismatch (was: 0, expected: 5), rebuilding... 
2014-01-28 08:17:29,995 [  35766]   INFO - .history.utils.LocalHistoryLog - FS has been rebuild, rebuilding local history... 
2014-01-28 08:17:30,052 [  35823]   INFO - s.impl.stores.FileBasedStorage - Document was not loaded for $APP_CONFIG$/path.macros.xml file is null 
2014-01-28 08:17:30,054 [  35825]   INFO - s.impl.stores.FileBasedStorage - Document was not loaded for $APP_CONFIG$/ui.lnf.xml file is null 
2014-01-28 08:17:30,056 [  35827]   INFO - s.impl.stores.FileBasedStorage - Document was not loaded for $APP_CONFIG$/options.xml file is null 
2014-01-28 08:17:30,220 [  35991]   INFO - s.impl.stores.FileBasedStorage - Document was not loaded for $APP_CONFIG$/notifications.xml file is null 
2014-01-28 08:17:30,239 [  36010]   INFO - s.impl.stores.FileBasedStorage - Document was not loaded for $APP_CONFIG$/usage.statistics.xml file is null 
2014-01-28 08:17:30,243 [  36014]   INFO - s.impl.stores.FileBasedStorage - Document was not loaded for $APP_CONFIG$/statistics.application.usages.xml file is null 
2014-01-28 08:17:30,431 [  36202]   INFO - s.impl.stores.FileBasedStorage - Document was not loaded for $APP_CONFIG$/keymap.xml file is null 
2014-01-28 08:17:30,704 [  36475]   INFO - s.impl.stores.FileBasedStorage - Document was not loaded for $APP_CONFIG$/abbreviations.xml file is null 
2014-01-28 08:17:30,975 [  36746]   INFO - s.impl.stores.FileBasedStorage - Document was not loaded for $APP_CONFIG$/window.manager.xml file is null 
2014-01-28 08:17:31,020 [  36791]   INFO - s.impl.stores.FileBasedStorage - Document was not loaded for $APP_CONFIG$/ide.general.xml file is null 
2014-01-28 08:17:31,047 [  36818]   INFO - s.impl.stores.FileBasedStorage - Document was not loaded for $APP_CONFIG$/editor.xml file is null 
2014-01-28 08:17:31,050 [  36821]   INFO - s.impl.stores.FileBasedStorage - Document was not loaded for $APP_CONFIG$/macros.xml file is null 
2014-01-28 08:17:31,064 [  36835]   INFO - s.impl.stores.FileBasedStorage - Document was not loaded for $APP_CONFIG$/quicklists.xml file is null 
2014-01-28 08:17:32,512 [  38283]   INFO - s.impl.stores.FileBasedStorage - Document was not loaded for $APP_CONFIG$/stubIndex.xml file is null 
2014-01-28 08:17:32,842 [  38613]   INFO - tellij.xml.Html5SchemaProvider - HTML5_SCHEMA_LOCATION = /home/romainprignon/app/phpstorm/lib/phpstorm.jar!/resources/html5-schema/html5.rnc 
2014-01-28 08:17:32,842 [  38613]   INFO - tellij.xml.Html5SchemaProvider - XHTML5_SCHEMA_LOCATION = /home/romainprignon/app/phpstorm/lib/phpstorm.jar!/resources/html5-schema/xhtml5.rnc 
2014-01-28 08:17:32,842 [  38613]   INFO - tellij.xml.Html5SchemaProvider - CHARS_DTD_LOCATION = /home/romainprignon/app/phpstorm/lib/phpstorm.jar!/resources/html5-schema/html5chars.ent 
2014-01-28 08:17:33,444 [  39215]   INFO - s.impl.stores.FileBasedStorage - Document was not loaded for $APP_CONFIG$/colors.scheme.xml file is null 
2014-01-28 08:17:33,454 [  39225]   INFO - s.impl.stores.FileBasedStorage - Document was not loaded for $APP_CONFIG$/editor.codeinsight.xml file is null 
2014-01-28 08:17:33,515 [  39286]   INFO - ellij.project.impl.ProjectImpl - 20 project components initialized in 620 ms 
2014-01-28 08:17:33,516 [  39287]   INFO - le.impl.ModuleManagerComponent - 0 module(s) loaded in 0 ms 
2014-01-28 08:17:33,612 [  39383]   INFO - s.impl.stores.FileBasedStorage - Document was not loaded for $APP_CONFIG$/textmate.xml file is null 
2014-01-28 08:17:33,668 [  39439]   INFO - s.impl.stores.FileBasedStorage - Document was not loaded for $APP_CONFIG$/terminal.xml file is null 
2014-01-28 08:17:33,689 [  39460]   INFO - pl.stores.ApplicationStoreImpl - 81 application components initialized in 7902 ms 
2014-01-28 08:17:33,697 [  39468]   INFO - .intellij.idea.IdeaApplication - App initialization took 47789 ms 
2014-01-28 08:17:59,334 [  65105]   INFO - s.impl.stores.FileBasedStorage - Document was not loaded for $APP_CONFIG$/code.style.schemes.xml file is null 
2014-01-28 08:18:44,650 [ 110421]   INFO - il.indexing.FileBasedIndexImpl - START INDEX SHUTDOWN 
2014-01-28 08:18:44,673 [ 110444]   INFO - il.indexing.FileBasedIndexImpl - END INDEX SHUTDOWN 
2014-01-28 08:18:44,673 [ 110444]   INFO - stubs.SerializationManagerImpl - START StubSerializationManager SHUTDOWN 
2014-01-28 08:18:44,673 [ 110444]   INFO - stubs.SerializationManagerImpl - END StubSerializationManager SHUTDOWN 
2014-01-28 08:18:44,674 [ 110445]   INFO - .history.utils.LocalHistoryLog - Purging local history... 
2014-01-28 08:18:44,675 [ 110446]   INFO - .history.utils.LocalHistoryLog - Local history storage successfully closed. 
2014-01-28 08:18:44,688 [ 110459]   WARN - api.vfs.impl.local.FileWatcher - Watcher terminated with exit code 0 
2014-01-28 08:18:44,689 [ 110460]   INFO - newvfs.persistent.PersistentFS - VFS dispose started 
2014-01-28 08:18:44,694 [ 110465]   INFO - newvfs.persistent.PersistentFS - VFS dispose completed 
2014-01-28 08:18:44,704 [ 110475]   INFO -        #com.intellij.idea.Main - ------------------------------------------------------ IDE SHUTDOWN ------------------------------------------------------ 
2014-01-28 08:18:46,588 [      0]   INFO -        #com.intellij.idea.Main - ------------------------------------------------------ IDE STARTED ------------------------------------------------------ 
2014-01-28 08:18:46,602 [     14]   INFO -        #com.intellij.idea.Main - IDE: PhpStorm (build #PS-133.679, 22 Jan 2014 00:00) 
2014-01-28 08:18:46,602 [     14]   INFO -        #com.intellij.idea.Main - OS: Linux (3.2.0-58-generic, amd64) 
2014-01-28 08:18:46,602 [     14]   INFO -        #com.intellij.idea.Main - JRE: 1.7.0_51-b00 (Oracle Corporation) 
2014-01-28 08:18:46,602 [     14]   INFO -        #com.intellij.idea.Main - JVM: 24.45-b08 (OpenJDK 64-Bit Server VM) 
2014-01-28 08:18:46,604 [     16]   INFO -        #com.intellij.idea.Main - JVM Args: -Xms128m -Xmx750m -XX:MaxPermSize=350m -XX:ReservedCodeCacheSize=96m -ea -Dsun.io.useCanonCaches=false -Djava.net.preferIPv4Stack=true -XX:+UseCodeCacheFlushing -XX:+UseConcMarkSweepGC -XX:SoftRefLRUPolicyMSPerMB=50 -Dawt.useSystemAAFontSettings=lcd -Djb.vmOptionsFile=./phpstorm64.vmoptions -Xbootclasspath/a:./../lib/boot.jar -Didea.paths.selector=WebIde70 -Didea.platform.prefix=PhpStorm -Didea.no.jre.check=true -Djb.restart.code=88 
2014-01-28 08:18:46,635 [     47]   INFO -        #com.intellij.idea.Main - JNA library loaded (64-bit) in 31 ms 
2014-01-28 08:18:46,725 [    137]   INFO -        #com.intellij.idea.Main - Snappy library loaded (1.0.5) in 90 ms 
2014-01-28 08:18:46,956 [    368]   INFO - .intellij.idea.IdeaApplication - WM detected: Metacity 
2014-01-28 08:18:47,664 [   1076]   INFO - llij.ide.plugins.PluginManager - Cannot find optional descriptor intellilang-python-support.xml 
2014-01-28 08:18:47,722 [   1134]   INFO - llij.ide.plugins.PluginManager - Cannot find optional descriptor intellilang-python-support.xml 
2014-01-28 08:18:49,728 [   3140]   INFO - llij.ide.plugins.PluginManager - 49 plugins initialized in 2480 ms 
2014-01-28 08:18:49,728 [   3140]   INFO - llij.ide.plugins.PluginManager - Loaded bundled plugins: ASP (0.1), Apache config (.htaccess) support (133.679), CSS Support, CVS Integration (11), CoffeeScript (2.0), Command Line Tool Support (133.679), Database Support (1.0), Drupal Support (133.679), File Watchers (999.999), Framework MVC Structure Support (133.679), GNU GetText files support (*.po) (134.SNAPSHOT), Gherkin (1.2), Git Integration (8.1), GitHub, Google App Engine Support for PHP (133.679), HAML, HTML Tools (2.0), IDEA CORE, Ini4Idea (133.679), Inspection-JS (2.0), IntelliLang (8.0), Java Server Pages Integration (1.0), JavaScript Debugger (1.0), JavaScript Intention Power Pack (0.9.4), JavaScript Support (1.0), LESS support, PHP (133.679), Perforce Integration (2.0), Phing Support (133.679), QuirksMode, REST Client, ReStructuredText Support (134.SNAPSHOT), Refactor-X (2.01), Remote Hosts Access (0.1), SASS support, SQL support (1.0), SSH Remote Run (0.1), Subversion Integration (1.1), Task Management (1.0), Terminal (0.1), TextMate bundles support (VERSION), Twig Support (133.679), UML Support (1.0), Vagrant (133.679), W3C Validators (2.0), XPathView + XSLT Support (4), XSLT-Debugger (1.4), YAML, hg4idea (10.0) 
2014-01-28 08:18:50,580 [   3992]   INFO - ellij.util.io.PagedFileStorage - lower=100; upper=200; buffer=10; max=756744192 
2014-01-28 08:18:50,623 [   4035]   INFO - api.vfs.impl.local.FileWatcher - Starting file watcher: /home/romainprignon/app/phpstorm/bin/fsnotifier64 
2014-01-28 08:18:50,631 [   4043]   INFO - api.vfs.impl.local.FileWatcher - Native file watcher is operational. 
2014-01-28 08:18:50,697 [   4109]   INFO - s.impl.stores.FileBasedStorage - Document was not loaded for $APP_CONFIG$/path.macros.xml file is null 
2014-01-28 08:18:52,912 [   6324]   INFO - s.impl.stores.FileBasedStorage - Document was not loaded for $APP_CONFIG$/statistics.application.usages.xml file is null 
2014-01-28 08:18:52,969 [   6381]   INFO - lij.diagnostic.DebugLogManager - Set DEBUG for the following categories: [] 
2014-01-28 08:18:53,479 [   6891]   INFO - s.impl.stores.FileBasedStorage - Document was not loaded for $APP_CONFIG$/window.manager.xml file is null 
2014-01-28 08:18:53,543 [   6955]   INFO - s.impl.stores.FileBasedStorage - Document was not loaded for $APP_CONFIG$/macros.xml file is null 
2014-01-28 08:18:53,551 [   6963]   INFO - s.impl.stores.FileBasedStorage - Document was not loaded for $APP_CONFIG$/quicklists.xml file is null 
2014-01-28 08:18:53,995 [   7407]   INFO - s.impl.stores.FileBasedStorage - Document was not loaded for $APP_CONFIG$/textmate.xml file is null 
2014-01-28 08:18:54,023 [   7435]   INFO - s.impl.stores.FileBasedStorage - Document was not loaded for $APP_CONFIG$/terminal.xml file is null 
2014-01-28 08:18:54,038 [   7450]   INFO - pl.stores.ApplicationStoreImpl - 81 application components initialized in 4150 ms 
2014-01-28 08:18:54,041 [   7453]   INFO - .intellij.idea.IdeaApplication - App initialization took 8157 ms 
2014-01-28 08:18:55,077 [   8489]   INFO - s.impl.stores.FileBasedStorage - Document was not loaded for $APP_CONFIG$/plugin_ui.xml file is null 
2014-01-28 08:19:06,012 [  19424]   INFO - ellij.project.impl.ProjectImpl - 20 project components initialized in 444 ms 
2014-01-28 08:19:06,012 [  19424]   INFO - le.impl.ModuleManagerComponent - 0 module(s) loaded in 0 ms 
2014-01-28 08:19:06,914 [  20326]   INFO - s.impl.stores.FileBasedStorage - Document was not loaded for $APP_CONFIG$/plainTextFiles.xml file is null 
2014-01-28 08:19:12,075 [  25487]   INFO - s.impl.stores.FileBasedStorage - Document was not loaded for $WORKSPACE_FILE$ file is null 
2014-01-28 08:19:12,108 [  25520]   INFO - s.impl.stores.FileBasedStorage - Document was not loaded for $PROJECT_CONFIG_DIR$/encodings.xml file is null 
2014-01-28 08:19:12,126 [  25538]   INFO - s.impl.stores.FileBasedStorage - Document was not loaded for $PROJECT_CONFIG_DIR$/modules.xml file is null 
2014-01-28 08:19:12,145 [  25557]   INFO - s.impl.stores.FileBasedStorage - Document was not loaded for $PROJECT_CONFIG_DIR$/vcs.xml file is null 
2014-01-28 08:19:12,454 [  25866]   INFO - s.impl.stores.FileBasedStorage - Document was not loaded for $APP_CONFIG$/webServers.xml file is null 
2014-01-28 08:19:12,464 [  25876]   INFO - s.impl.stores.FileBasedStorage - Document was not loaded for $PROJECT_CONFIG_DIR$/deployment.xml file is null 
2014-01-28 08:19:12,505 [  25917]   INFO - s.impl.stores.FileBasedStorage - Document was not loaded for $PROJECT_CONFIG_DIR$/frameworkRootSettings.xml file is null 
2014-01-28 08:19:12,552 [  25964]   INFO - s.impl.stores.FileBasedStorage - Document was not loaded for $APP_CONFIG$/vcs.xml file is null 
2014-01-28 08:19:12,659 [  26071]   INFO - ellij.project.impl.ProjectImpl - 124 project components initialized in 1088 ms 
2014-01-28 08:19:12,659 [  26071]   INFO - le.impl.ModuleManagerComponent - 0 module(s) loaded in 0 ms 
2014-01-28 08:19:12,707 [  26119]   INFO - s.impl.stores.FileBasedStorage - Document was not loaded for $MODULE_FILE$ file is null 
2014-01-28 08:19:12,951 [  26363]   INFO - s.impl.stores.FileBasedStorage - Document was not loaded for $APP_CONFIG$/customization.xml file is null 
2014-01-28 08:19:13,014 [  26426]   INFO - om.intellij.util.ProfilingUtil - Profiling agent is not enabled. Add -agentlib:yjpagent to idea.vmoptions if necessary to profile IDEA. 
2014-01-28 08:19:13,117 [  26529]   INFO - s.impl.stores.FileBasedStorage - Document was not loaded for $APP_CONFIG$/encoding.xml file is null 
2014-01-28 08:19:13,993 [  27405]   INFO - .roots.impl.DirectoryIndexImpl - Directory index initialized in 25 ms, indexed 15 directories 
2014-01-28 08:19:14,003 [  27415]   INFO - s.impl.stores.FileBasedStorage - Document was not loaded for $PROJECT_CONFIG_DIR$/sqldialects.xml file is null 
2014-01-28 08:19:14,043 [  27455]   INFO - pl.PushedFilePropertiesUpdater - File properties pushed in 46 ms 
2014-01-28 08:19:14,635 [  28047]   INFO - s.impl.stores.FileBasedStorage - Document was not loaded for $PROJECT_CONFIG_DIR$/phing.xml file is null 
2014-01-28 08:19:14,812 [  28224]   INFO - rains.ide.BuiltInServerManager - built-in server started, port 63342 
2014-01-28 08:19:15,208 [  28620]   INFO - s.impl.stores.FileBasedStorage - Document was not loaded for $APP_CONFIG$/applicationLibraries.xml file is null 
2014-01-28 08:19:15,637 [  29049]   INFO - indexing.UnindexedFilesUpdater - Indexable files iterated in 1526 ms 
2014-01-28 08:19:15,637 [  29049]   INFO - indexing.UnindexedFilesUpdater - Unindexed files update started: 296 files to update 
2014-01-28 08:19:17,153 [  30565]   INFO - tor.impl.FileEditorManagerImpl - Project opening took 5707 ms 
2014-01-28 08:19:17,887 [  31299]   INFO - s.impl.stores.FileBasedStorage - Document was not loaded for $PROJECT_CONFIG_DIR$/webResources.xml file is null 
2014-01-28 08:19:18,030 [  31442]   INFO - s.impl.stores.FileBasedStorage - Document was not loaded for $PROJECT_CONFIG_DIR$/fileColors.xml file is null 
2014-01-28 08:19:27,862 [  41274]   INFO - s.impl.stores.FileBasedStorage - Document was not loaded for $APP_CONFIG$/file.template.settings.xml file is null 
2014-01-28 08:19:32,737 [  46149]   INFO - s.impl.stores.FileBasedStorage - Document was not loaded for $PROJECT_CONFIG_DIR$/templateLanguages.xml file is null 
2014-01-28 08:19:32,739 [  46151]   INFO - s.impl.stores.FileBasedStorage - Document was not loaded for $APP_CONFIG$/templateLanguages.xml file is null 
2014-01-28 08:19:45,289 [  58701]   INFO - indexing.UnindexedFilesUpdater - Unindexed files update done in 29652 ms 
2014-01-28 08:19:45,315 [  58727]   INFO - s.impl.stores.FileBasedStorage - Document was not loaded for $APP_CONFIG$/feature.usage.statistics.xml file is null 
2014-01-28 08:19:45,440 [  58852]   INFO - s.impl.stores.FileBasedStorage - Document was not loaded for $PROJECT_CONFIG_DIR$/php.xml file is null 
2014-01-28 08:20:01,681 [  75093]   INFO - s.impl.stores.FileBasedStorage - Document was not loaded for $APP_CONFIG$/dataSources.xml file is null 
2014-01-28 08:20:01,698 [  75110]   INFO - s.impl.stores.FileBasedStorage - Document was not loaded for $PROJECT_CONFIG_DIR$/dataSources.xml file is null 
2014-01-28 08:20:01,715 [  75127]   INFO - s.impl.stores.FileBasedStorage - Document was not loaded for $PROJECT_CONFIG_DIR$/sqlDataSources.xml file is null 
2014-01-28 08:20:01,731 [  75143]   INFO - s.impl.stores.FileBasedStorage - Document was not loaded for $PROJECT_CONFIG_DIR$/jsLibraryMappings.xml file is null 
2014-01-28 08:20:01,749 [  75161]   INFO - s.impl.stores.FileBasedStorage - Document was not loaded for $APP_CONFIG$/php.xml file is null 
2014-01-28 08:20:02,068 [  75480]   INFO - s.impl.stores.FileBasedStorage - Document was not loaded for $PROJECT_CONFIG_DIR$/watcherTasks.xml file is null 
2014-01-28 08:20:02,524 [  75936]   INFO - org.jetbrains.io.BuiltInServer - web server stopped 
2014-01-28 08:20:02,605 [  76017]   INFO - il.indexing.FileBasedIndexImpl - START INDEX SHUTDOWN 
2014-01-28 08:20:02,661 [  76073]   INFO - il.indexing.FileBasedIndexImpl - END INDEX SHUTDOWN 
2014-01-28 08:20:02,661 [  76073]   INFO - stubs.SerializationManagerImpl - START StubSerializationManager SHUTDOWN 
2014-01-28 08:20:02,668 [  76080]   INFO - stubs.SerializationManagerImpl - END StubSerializationManager SHUTDOWN 
2014-01-28 08:20:02,669 [  76081]   INFO - .history.utils.LocalHistoryLog - Purging local history... 
2014-01-28 08:20:02,671 [  76083]   INFO - .history.utils.LocalHistoryLog - Local history storage successfully closed. 
2014-01-28 08:20:02,674 [  76086]   WARN - api.vfs.impl.local.FileWatcher - Watcher terminated with exit code 0 
2014-01-28 08:20:02,677 [  76089]   INFO - newvfs.persistent.PersistentFS - VFS dispose started 
2014-01-28 08:20:02,683 [  76095]   INFO - newvfs.persistent.PersistentFS - VFS dispose completed 
2014-01-28 08:20:02,704 [  76116]   INFO -        #com.intellij.idea.Main - ------------------------------------------------------ IDE SHUTDOWN ------------------------------------------------------ 
2014-01-28 08:30:39,583 [      0]   INFO -        #com.intellij.idea.Main - ------------------------------------------------------ IDE STARTED ------------------------------------------------------ 
2014-01-28 08:30:39,598 [     15]   INFO -        #com.intellij.idea.Main - IDE: PhpStorm (build #PS-133.679, 22 Jan 2014 00:00) 
2014-01-28 08:30:39,598 [     15]   INFO -        #com.intellij.idea.Main - OS: Linux (3.2.0-58-generic, amd64) 
2014-01-28 08:30:39,598 [     15]   INFO -        #com.intellij.idea.Main - JRE: 1.7.0_51-b00 (Oracle Corporation) 
2014-01-28 08:30:39,598 [     15]   INFO -        #com.intellij.idea.Main - JVM: 24.45-b08 (OpenJDK 64-Bit Server VM) 
2014-01-28 08:30:39,600 [     17]   INFO -        #com.intellij.idea.Main - JVM Args: -Xms128m -Xmx750m -XX:MaxPermSize=350m -XX:ReservedCodeCacheSize=96m -ea -Dsun.io.useCanonCaches=false -Djava.net.preferIPv4Stack=true -XX:+UseCodeCacheFlushing -XX:+UseConcMarkSweepGC -XX:SoftRefLRUPolicyMSPerMB=50 -Dawt.useSystemAAFontSettings=lcd -Djb.vmOptionsFile=./phpstorm64.vmoptions -Xbootclasspath/a:./../lib/boot.jar -Didea.paths.selector=WebIde70 -Didea.platform.prefix=PhpStorm -Didea.no.jre.check=true -Djb.restart.code=88 
2014-01-28 08:30:39,631 [     48]   INFO -        #com.intellij.idea.Main - JNA library loaded (64-bit) in 31 ms 
2014-01-28 08:30:39,717 [    134]   INFO -        #com.intellij.idea.Main - Snappy library loaded (1.0.5) in 85 ms 
2014-01-28 08:30:39,954 [    371]   INFO - .intellij.idea.IdeaApplication - WM detected: Metacity 
2014-01-28 08:30:40,682 [   1099]   INFO - llij.ide.plugins.PluginManager - Cannot find optional descriptor intellilang-python-support.xml 
2014-01-28 08:30:40,724 [   1141]   INFO - llij.ide.plugins.PluginManager - Cannot find optional descriptor intellilang-python-support.xml 
2014-01-28 08:30:42,722 [   3139]   INFO - llij.ide.plugins.PluginManager - 49 plugins initialized in 2451 ms 
2014-01-28 08:30:42,722 [   3139]   INFO - llij.ide.plugins.PluginManager - Loaded bundled plugins: ASP (0.1), Apache config (.htaccess) support (133.679), CSS Support, CVS Integration (11), CoffeeScript (2.0), Command Line Tool Support (133.679), Database Support (1.0), Drupal Support (133.679), File Watchers (999.999), Framework MVC Structure Support (133.679), GNU GetText files support (*.po) (134.SNAPSHOT), Gherkin (1.2), Git Integration (8.1), GitHub, Google App Engine Support for PHP (133.679), HAML, HTML Tools (2.0), IDEA CORE, Ini4Idea (133.679), Inspection-JS (2.0), IntelliLang (8.0), Java Server Pages Integration (1.0), JavaScript Debugger (1.0), JavaScript Intention Power Pack (0.9.4), JavaScript Support (1.0), LESS support, PHP (133.679), Perforce Integration (2.0), Phing Support (133.679), QuirksMode, REST Client, ReStructuredText Support (134.SNAPSHOT), Refactor-X (2.01), Remote Hosts Access (0.1), SASS support, SQL support (1.0), SSH Remote Run (0.1), Subversion Integration (1.1), Task Management (1.0), Terminal (0.1), TextMate bundles support (VERSION), Twig Support (133.679), UML Support (1.0), Vagrant (133.679), W3C Validators (2.0), XPathView + XSLT Support (4), XSLT-Debugger (1.4), YAML, hg4idea (10.0) 
2014-01-28 08:30:43,566 [   3983]   INFO - ellij.util.io.PagedFileStorage - lower=100; upper=200; buffer=10; max=756744192 
2014-01-28 08:30:43,621 [   4038]   INFO - api.vfs.impl.local.FileWatcher - Starting file watcher: /home/romainprignon/app/phpstorm/bin/fsnotifier64 
2014-01-28 08:30:43,630 [   4047]   INFO - api.vfs.impl.local.FileWatcher - Native file watcher is operational. 
2014-01-28 08:30:46,063 [   6480]   INFO - lij.diagnostic.DebugLogManager - Set DEBUG for the following categories: [] 
2014-01-28 08:30:46,645 [   7062]   INFO - s.impl.stores.FileBasedStorage - Document was not loaded for $APP_CONFIG$/macros.xml file is null 
2014-01-28 08:30:46,654 [   7071]   INFO - s.impl.stores.FileBasedStorage - Document was not loaded for $APP_CONFIG$/quicklists.xml file is null 
2014-01-28 08:30:47,222 [   7639]   INFO - s.impl.stores.FileBasedStorage - Document was not loaded for $APP_CONFIG$/textmate.xml file is null 
2014-01-28 08:30:47,247 [   7664]   INFO - s.impl.stores.FileBasedStorage - Document was not loaded for $APP_CONFIG$/terminal.xml file is null 
2014-01-28 08:30:47,252 [   7669]   INFO - pl.stores.ApplicationStoreImpl - 81 application components initialized in 4432 ms 
2014-01-28 08:30:47,255 [   7672]   INFO - .intellij.idea.IdeaApplication - App initialization took 8572 ms 
2014-01-28 08:30:47,519 [   7936]   INFO - s.impl.stores.FileBasedStorage - Document was not loaded for $APP_CONFIG$/customization.xml file is null 
2014-01-28 08:30:47,649 [   8066]   INFO - om.intellij.util.ProfilingUtil - Profiling agent is not enabled. Add -agentlib:yjpagent to idea.vmoptions if necessary to profile IDEA. 
2014-01-28 08:30:48,316 [   8733]   INFO - s.impl.stores.FileBasedStorage - Document was not loaded for $APP_CONFIG$/applicationLibraries.xml file is null 
2014-01-28 08:30:50,295 [  10712]   INFO - s.impl.stores.FileBasedStorage - Document was not loaded for $PROJECT_CONFIG_DIR$/deployment.xml file is null 
2014-01-28 08:30:50,336 [  10753]   INFO - s.impl.stores.FileBasedStorage - Document was not loaded for $PROJECT_CONFIG_DIR$/frameworkRootSettings.xml file is null 
2014-01-28 08:30:50,417 [  10834]   INFO - s.impl.stores.FileBasedStorage - Document was not loaded for $APP_CONFIG$/vcs.xml file is null 
2014-01-28 08:30:50,568 [  10985]   INFO - ellij.project.impl.ProjectImpl - 124 project components initialized in 2102 ms 
2014-01-28 08:30:50,668 [  11085]   INFO - le.impl.ModuleManagerComponent - 1 module(s) loaded in 100 ms 
2014-01-28 08:30:51,517 [  11934]   INFO - .roots.impl.DirectoryIndexImpl - Directory index initialized in 22 ms, indexed 16 directories 
2014-01-28 08:30:51,534 [  11951]   INFO - s.impl.stores.FileBasedStorage - Document was not loaded for $PROJECT_CONFIG_DIR$/sqldialects.xml file is null 
2014-01-28 08:30:51,584 [  12001]   INFO - s.impl.stores.FileBasedStorage - Document was not loaded for $APP_CONFIG$/plainTextFiles.xml file is null 
2014-01-28 08:30:51,597 [  12014]   INFO - pl.PushedFilePropertiesUpdater - File properties pushed in 75 ms 
2014-01-28 08:30:52,226 [  12643]   INFO - indexing.UnindexedFilesUpdater - Indexable files iterated in 440 ms 
2014-01-28 08:30:52,228 [  12645]   INFO - indexing.UnindexedFilesUpdater - Unindexed files update started: 0 files to update 
2014-01-28 08:30:52,228 [  12645]   INFO - indexing.UnindexedFilesUpdater - Unindexed files update done in 0 ms 
2014-01-28 08:30:52,402 [  12819]   INFO - s.impl.stores.FileBasedStorage - Document was not loaded for $PROJECT_CONFIG_DIR$/phing.xml file is null 
2014-01-28 08:30:52,488 [  12905]   INFO - rains.ide.BuiltInServerManager - built-in server started, port 63342 
2014-01-28 08:30:53,667 [  14084]   INFO - s.impl.stores.FileBasedStorage - Document was not loaded for $PROJECT_CONFIG_DIR$/webResources.xml file is null 
2014-01-28 08:30:55,290 [  15707]   INFO - tor.impl.FileEditorManagerImpl - Project opening took 6953 ms 
2014-01-28 08:30:55,620 [  16037]   INFO - s.impl.stores.FileBasedStorage - Document was not loaded for $PROJECT_CONFIG_DIR$/fileColors.xml file is null 
2014-01-28 08:31:07,825 [  28242]   INFO - s.impl.stores.FileBasedStorage - Document was not loaded for $PROJECT_CONFIG_DIR$/watcherTasks.xml file is null 
2014-01-28 08:31:41,782 [  62199]   INFO - s.impl.stores.FileBasedStorage - Document was not loaded for $APP_CONFIG$/dataSources.xml file is null 
2014-01-28 08:31:41,799 [  62216]   INFO - s.impl.stores.FileBasedStorage - Document was not loaded for $PROJECT_CONFIG_DIR$/dataSources.xml file is null 
2014-01-28 08:31:41,813 [  62230]   INFO - s.impl.stores.FileBasedStorage - Document was not loaded for $PROJECT_CONFIG_DIR$/sqlDataSources.xml file is null 
2014-01-28 08:31:41,821 [  62238]   INFO - s.impl.stores.FileBasedStorage - Document was not loaded for $PROJECT_CONFIG_DIR$/jsLibraryMappings.xml file is null 
2014-01-28 08:31:41,829 [  62246]   INFO - s.impl.stores.FileBasedStorage - Document was not loaded for $APP_CONFIG$/php.xml file is null 
2014-01-28 08:31:41,831 [  62248]   INFO - s.impl.stores.FileBasedStorage - Document was not loaded for $PROJECT_CONFIG_DIR$/php.xml file is null 
2014-01-28 08:31:42,048 [  62465]   INFO - org.jetbrains.io.BuiltInServer - web server stopped 
2014-01-28 08:31:42,090 [  62507]   INFO - il.indexing.FileBasedIndexImpl - START INDEX SHUTDOWN 
2014-01-28 08:31:42,144 [  62561]   INFO - il.indexing.FileBasedIndexImpl - END INDEX SHUTDOWN 
2014-01-28 08:31:42,144 [  62561]   INFO - stubs.SerializationManagerImpl - START StubSerializationManager SHUTDOWN 
2014-01-28 08:31:42,144 [  62561]   INFO - stubs.SerializationManagerImpl - END StubSerializationManager SHUTDOWN 
2014-01-28 08:31:42,145 [  62562]   INFO - .history.utils.LocalHistoryLog - Purging local history... 
2014-01-28 08:31:42,147 [  62564]   INFO - .history.utils.LocalHistoryLog - Local history storage successfully closed. 
2014-01-28 08:31:42,259 [  62676]   WARN - api.vfs.impl.local.FileWatcher - Watcher terminated with exit code 0 
2014-01-28 08:31:42,259 [  62676]   INFO - newvfs.persistent.PersistentFS - VFS dispose started 
2014-01-28 08:31:42,262 [  62679]   INFO - newvfs.persistent.PersistentFS - VFS dispose completed 
2014-01-28 08:31:42,276 [  62693]   INFO -        #com.intellij.idea.Main - ------------------------------------------------------ IDE SHUTDOWN ------------------------------------------------------ 
2014-01-30 21:24:30,555 [      0]   INFO -        #com.intellij.idea.Main - ------------------------------------------------------ IDE STARTED ------------------------------------------------------ 
2014-01-30 21:24:30,588 [     33]   INFO -        #com.intellij.idea.Main - IDE: PhpStorm (build #PS-133.679, 22 Jan 2014 00:00) 
2014-01-30 21:24:30,588 [     33]   INFO -        #com.intellij.idea.Main - OS: Linux (3.2.0-58-generic, amd64) 
2014-01-30 21:24:30,588 [     33]   INFO -        #com.intellij.idea.Main - JRE: 1.7.0_51-b00 (Oracle Corporation) 
2014-01-30 21:24:30,588 [     33]   INFO -        #com.intellij.idea.Main - JVM: 24.45-b08 (OpenJDK 64-Bit Server VM) 
2014-01-30 21:24:30,599 [     44]   INFO -        #com.intellij.idea.Main - JVM Args: -Xms128m -Xmx750m -XX:MaxPermSize=350m -XX:ReservedCodeCacheSize=96m -ea -Dsun.io.useCanonCaches=false -Djava.net.preferIPv4Stack=true -XX:+UseCodeCacheFlushing -XX:+UseConcMarkSweepGC -XX:SoftRefLRUPolicyMSPerMB=50 -Dawt.useSystemAAFontSettings=lcd -Djb.vmOptionsFile=/home/romainprignon/app/phpstorm/bin/phpstorm64.vmoptions -Xbootclasspath/a:/home/romainprignon/app/phpstorm/bin/../lib/boot.jar -Didea.paths.selector=WebIde70 -Didea.platform.prefix=PhpStorm -Didea.no.jre.check=true -Djb.restart.code=88 
2014-01-30 21:24:30,652 [     97]   INFO -        #com.intellij.idea.Main - JNA library loaded (64-bit) in 53 ms 
2014-01-30 21:24:30,750 [    195]   INFO -        #com.intellij.idea.Main - Snappy library loaded (1.0.5) in 90 ms 
2014-01-30 21:24:32,033 [   1478]   INFO - .intellij.idea.IdeaApplication - WM detected: Metacity 
2014-01-30 21:24:32,974 [   2419]   INFO - llij.ide.plugins.PluginManager - Cannot find optional descriptor intellilang-python-support.xml 
2014-01-30 21:24:33,025 [   2470]   INFO - llij.ide.plugins.PluginManager - Cannot find optional descriptor intellilang-python-support.xml 
2014-01-30 21:24:35,171 [   4616]   INFO - llij.ide.plugins.PluginManager - 49 plugins initialized in 2718 ms 
2014-01-30 21:24:35,171 [   4616]   INFO - llij.ide.plugins.PluginManager - Loaded bundled plugins: ASP (0.1), Apache config (.htaccess) support (133.679), CSS Support, CVS Integration (11), CoffeeScript (2.0), Command Line Tool Support (133.679), Database Support (1.0), Drupal Support (133.679), File Watchers (999.999), Framework MVC Structure Support (133.679), GNU GetText files support (*.po) (134.SNAPSHOT), Gherkin (1.2), Git Integration (8.1), GitHub, Google App Engine Support for PHP (133.679), HAML, HTML Tools (2.0), IDEA CORE, Ini4Idea (133.679), Inspection-JS (2.0), IntelliLang (8.0), Java Server Pages Integration (1.0), JavaScript Debugger (1.0), JavaScript Intention Power Pack (0.9.4), JavaScript Support (1.0), LESS support, PHP (133.679), Perforce Integration (2.0), Phing Support (133.679), QuirksMode, REST Client, ReStructuredText Support (134.SNAPSHOT), Refactor-X (2.01), Remote Hosts Access (0.1), SASS support, SQL support (1.0), SSH Remote Run (0.1), Subversion Integration (1.1), Task Management (1.0), Terminal (0.1), TextMate bundles support (VERSION), Twig Support (133.679), UML Support (1.0), Vagrant (133.679), W3C Validators (2.0), XPathView + XSLT Support (4), XSLT-Debugger (1.4), YAML, hg4idea (10.0) 
2014-01-30 21:24:36,805 [   6250]   INFO - ellij.util.io.PagedFileStorage - lower=100; upper=200; buffer=10; max=756744192 
2014-01-30 21:24:36,942 [   6387]   INFO - api.vfs.impl.local.FileWatcher - Starting file watcher: /home/romainprignon/app/phpstorm/bin/fsnotifier64 
2014-01-30 21:24:36,963 [   6408]   INFO - api.vfs.impl.local.FileWatcher - Native file watcher is operational. 
2014-01-30 21:24:40,206 [   9651]   INFO - lij.diagnostic.DebugLogManager - Set DEBUG for the following categories: [] 
2014-01-30 21:24:40,961 [  10406]   INFO - s.impl.stores.FileBasedStorage - Document was not loaded for $APP_CONFIG$/macros.xml file is null 
2014-01-30 21:24:40,979 [  10424]   INFO - s.impl.stores.FileBasedStorage - Document was not loaded for $APP_CONFIG$/quicklists.xml file is null 
2014-01-30 21:24:42,963 [  12408]   INFO - s.impl.stores.FileBasedStorage - Document was not loaded for $APP_CONFIG$/textmate.xml file is null 
2014-01-30 21:24:43,130 [  12575]   INFO - s.impl.stores.FileBasedStorage - Document was not loaded for $APP_CONFIG$/terminal.xml file is null 
2014-01-30 21:24:43,161 [  12606]   INFO - pl.stores.ApplicationStoreImpl - 81 application components initialized in 7853 ms 
2014-01-30 21:24:43,176 [  12621]   INFO - .intellij.idea.IdeaApplication - App initialization took 14422 ms 
2014-01-30 21:24:44,015 [  13460]   INFO - s.impl.stores.FileBasedStorage - Document was not loaded for $APP_CONFIG$/customization.xml file is null 
2014-01-30 21:24:44,408 [  13853]   INFO - om.intellij.util.ProfilingUtil - Profiling agent is not enabled. Add -agentlib:yjpagent to idea.vmoptions if necessary to profile IDEA. 
2014-01-30 21:24:45,433 [  14878]   INFO - s.impl.stores.FileBasedStorage - Document was not loaded for $APP_CONFIG$/applicationLibraries.xml file is null 
2014-01-30 21:24:52,167 [  21612]   INFO - s.impl.stores.FileBasedStorage - Document was not loaded for $PROJECT_CONFIG_DIR$/deployment.xml file is null 
2014-01-30 21:24:52,256 [  21701]   INFO - s.impl.stores.FileBasedStorage - Document was not loaded for $PROJECT_CONFIG_DIR$/frameworkRootSettings.xml file is null 
2014-01-30 21:24:52,351 [  21796]   INFO - s.impl.stores.FileBasedStorage - Document was not loaded for $APP_CONFIG$/vcs.xml file is null 
2014-01-30 21:24:52,639 [  22084]   INFO - ellij.project.impl.ProjectImpl - 124 project components initialized in 7061 ms 
2014-01-30 21:24:52,812 [  22257]   INFO - le.impl.ModuleManagerComponent - 1 module(s) loaded in 173 ms 
2014-01-30 21:24:55,111 [  24556]   INFO - .roots.impl.DirectoryIndexImpl - Directory index initialized in 30 ms, indexed 16 directories 
2014-01-30 21:24:55,132 [  24577]   INFO - s.impl.stores.FileBasedStorage - Document was not loaded for $PROJECT_CONFIG_DIR$/sqldialects.xml file is null 
2014-01-30 21:24:55,332 [  24777]   INFO - s.impl.stores.FileBasedStorage - Document was not loaded for $APP_CONFIG$/plainTextFiles.xml file is null 
2014-01-30 21:24:55,373 [  24818]   INFO - pl.PushedFilePropertiesUpdater - File properties pushed in 244 ms 
2014-01-30 21:24:57,049 [  26494]   INFO - s.impl.stores.FileBasedStorage - Document was not loaded for $PROJECT_CONFIG_DIR$/phing.xml file is null 
2014-01-30 21:24:57,135 [  26580]   INFO - rains.ide.BuiltInServerManager - built-in server started, port 63342 
2014-01-30 21:24:57,216 [  26661]   INFO - indexing.UnindexedFilesUpdater - Indexable files iterated in 1485 ms 
2014-01-30 21:24:57,216 [  26661]   INFO - indexing.UnindexedFilesUpdater - Unindexed files update started: 0 files to update 
2014-01-30 21:24:57,216 [  26661]   INFO - indexing.UnindexedFilesUpdater - Unindexed files update done in 0 ms 
2014-01-30 21:25:01,614 [  31059]   INFO - s.impl.stores.FileBasedStorage - Document was not loaded for $PROJECT_CONFIG_DIR$/watcherTasks.xml file is null 
2014-01-30 21:25:03,012 [  32457]   INFO - tor.impl.FileEditorManagerImpl - Project opening took 17547 ms 
2014-01-30 21:25:03,524 [  32969]   INFO - s.impl.stores.FileBasedStorage - Document was not loaded for $PROJECT_CONFIG_DIR$/webResources.xml file is null 
2014-01-30 21:25:03,584 [  33029]   INFO - s.impl.stores.FileBasedStorage - Document was not loaded for $PROJECT_CONFIG_DIR$/fileColors.xml file is null 
2014-01-30 21:25:42,000 [  71445]   INFO -        #com.intellij.idea.Main - ------------------------------------------------------ IDE SHUTDOWN ------------------------------------------------------ 
2014-01-30 21:25:42,041 [  71486]   INFO - org.jetbrains.io.BuiltInServer - web server stopped 
2014-01-30 21:25:42,041 [  71486]   INFO - il.indexing.FileBasedIndexImpl - START INDEX SHUTDOWN 
2014-01-30 21:25:42,059 [  71504]   WARN - api.vfs.impl.local.FileWatcher - Watcher terminated with exit code 129 
2014-01-30 21:25:42,137 [  71582]   INFO - il.indexing.FileBasedIndexImpl - END INDEX SHUTDOWN 
2014-01-30 21:25:42,137 [  71582]   INFO - stubs.SerializationManagerImpl - START StubSerializationManager SHUTDOWN 
2014-01-30 21:25:42,137 [  71582]   INFO - stubs.SerializationManagerImpl - END StubSerializationManager SHUTDOWN 
2014-01-30 21:25:42,139 [  71584]   INFO - .history.utils.LocalHistoryLog - Purging local history... 
2014-01-30 21:25:42,140 [  71585]   INFO - .history.utils.LocalHistoryLog - Local history storage successfully closed. 
2014-01-30 21:25:42,140 [  71585]   INFO - newvfs.persistent.PersistentFS - VFS dispose started 
2014-01-30 21:25:42,143 [  71588]   INFO - newvfs.persistent.PersistentFS - VFS dispose completed 
2014-01-30 21:25:58,668 [      0]   INFO -        #com.intellij.idea.Main - ------------------------------------------------------ IDE STARTED ------------------------------------------------------ 
2014-01-30 21:25:58,710 [     42]   INFO -        #com.intellij.idea.Main - IDE: PhpStorm (build #PS-133.679, 22 Jan 2014 00:00) 
2014-01-30 21:25:58,710 [     42]   INFO -        #com.intellij.idea.Main - OS: Linux (3.2.0-58-generic, amd64) 
2014-01-30 21:25:58,710 [     42]   INFO -        #com.intellij.idea.Main - JRE: 1.7.0_51-b00 (Oracle Corporation) 
2014-01-30 21:25:58,710 [     42]   INFO -        #com.intellij.idea.Main - JVM: 24.45-b08 (OpenJDK 64-Bit Server VM) 
2014-01-30 21:25:58,715 [     47]   INFO -        #com.intellij.idea.Main - JVM Args: -Xms128m -Xmx750m -XX:MaxPermSize=350m -XX:ReservedCodeCacheSize=96m -ea -Dsun.io.useCanonCaches=false -Djava.net.preferIPv4Stack=true -XX:+UseCodeCacheFlushing -XX:+UseConcMarkSweepGC -XX:SoftRefLRUPolicyMSPerMB=50 -Dawt.useSystemAAFontSettings=lcd -Djb.vmOptionsFile=/home/romainprignon/app/phpstorm/bin/phpstorm64.vmoptions -Xbootclasspath/a:/home/romainprignon/app/phpstorm/bin/../lib/boot.jar -Didea.paths.selector=WebIde70 -Didea.platform.prefix=PhpStorm -Didea.no.jre.check=true -Djb.restart.code=88 
2014-01-30 21:25:58,773 [    105]   INFO -        #com.intellij.idea.Main - JNA library loaded (64-bit) in 58 ms 
2014-01-30 21:25:58,910 [    242]   INFO -        #com.intellij.idea.Main - Snappy library loaded (1.0.5) in 129 ms 
2014-01-30 21:26:00,056 [   1388]   INFO - .intellij.idea.IdeaApplication - WM detected: Metacity 
2014-01-30 21:26:01,277 [   2609]   INFO - llij.ide.plugins.PluginManager - Cannot find optional descriptor intellilang-python-support.xml 
2014-01-30 21:26:01,349 [   2681]   INFO - llij.ide.plugins.PluginManager - Cannot find optional descriptor intellilang-python-support.xml 
2014-01-30 21:26:03,565 [   4897]   INFO - llij.ide.plugins.PluginManager - 49 plugins initialized in 2926 ms 
2014-01-30 21:26:03,565 [   4897]   INFO - llij.ide.plugins.PluginManager - Loaded bundled plugins: ASP (0.1), Apache config (.htaccess) support (133.679), CSS Support, CVS Integration (11), CoffeeScript (2.0), Command Line Tool Support (133.679), Database Support (1.0), Drupal Support (133.679), File Watchers (999.999), Framework MVC Structure Support (133.679), GNU GetText files support (*.po) (134.SNAPSHOT), Gherkin (1.2), Git Integration (8.1), GitHub, Google App Engine Support for PHP (133.679), HAML, HTML Tools (2.0), IDEA CORE, Ini4Idea (133.679), Inspection-JS (2.0), IntelliLang (8.0), Java Server Pages Integration (1.0), JavaScript Debugger (1.0), JavaScript Intention Power Pack (0.9.4), JavaScript Support (1.0), LESS support, PHP (133.679), Perforce Integration (2.0), Phing Support (133.679), QuirksMode, REST Client, ReStructuredText Support (134.SNAPSHOT), Refactor-X (2.01), Remote Hosts Access (0.1), SASS support, SQL support (1.0), SSH Remote Run (0.1), Subversion Integration (1.1), Task Management (1.0), Terminal (0.1), TextMate bundles support (VERSION), Twig Support (133.679), UML Support (1.0), Vagrant (133.679), W3C Validators (2.0), XPathView + XSLT Support (4), XSLT-Debugger (1.4), YAML, hg4idea (10.0) 
2014-01-30 21:26:04,780 [   6112]   INFO - ellij.util.io.PagedFileStorage - lower=100; upper=200; buffer=10; max=756744192 
2014-01-30 21:26:04,854 [   6186]   INFO - api.vfs.impl.local.FileWatcher - Starting file watcher: /home/romainprignon/app/phpstorm/bin/fsnotifier64 
2014-01-30 21:26:04,862 [   6194]   INFO - api.vfs.impl.local.FileWatcher - Native file watcher is operational. 
2014-01-30 21:26:07,756 [   9088]   INFO - lij.diagnostic.DebugLogManager - Set DEBUG for the following categories: [] 
2014-01-30 21:26:08,444 [   9776]   INFO - s.impl.stores.FileBasedStorage - Document was not loaded for $APP_CONFIG$/macros.xml file is null 
2014-01-30 21:26:08,459 [   9791]   INFO - s.impl.stores.FileBasedStorage - Document was not loaded for $APP_CONFIG$/quicklists.xml file is null 
2014-01-30 21:26:10,716 [  12048]   INFO - s.impl.stores.FileBasedStorage - Document was not loaded for $APP_CONFIG$/textmate.xml file is null 
2014-01-30 21:26:10,764 [  12096]   INFO - s.impl.stores.FileBasedStorage - Document was not loaded for $APP_CONFIG$/terminal.xml file is null 
2014-01-30 21:26:10,783 [  12115]   INFO - pl.stores.ApplicationStoreImpl - 81 application components initialized in 7138 ms 
2014-01-30 21:26:10,785 [  12117]   INFO - .intellij.idea.IdeaApplication - App initialization took 13917 ms 
2014-01-30 21:26:11,058 [  12390]   INFO - s.impl.stores.FileBasedStorage - Document was not loaded for $APP_CONFIG$/customization.xml file is null 
2014-01-30 21:26:11,159 [  12491]   INFO - om.intellij.util.ProfilingUtil - Profiling agent is not enabled. Add -agentlib:yjpagent to idea.vmoptions if necessary to profile IDEA. 
2014-01-30 21:26:11,802 [  13134]   INFO - s.impl.stores.FileBasedStorage - Document was not loaded for $APP_CONFIG$/applicationLibraries.xml file is null 
2014-01-30 21:26:13,819 [  15151]   INFO - s.impl.stores.FileBasedStorage - Document was not loaded for $PROJECT_CONFIG_DIR$/deployment.xml file is null 
2014-01-30 21:26:13,853 [  15185]   INFO - s.impl.stores.FileBasedStorage - Document was not loaded for $PROJECT_CONFIG_DIR$/frameworkRootSettings.xml file is null 
2014-01-30 21:26:13,916 [  15248]   INFO - s.impl.stores.FileBasedStorage - Document was not loaded for $APP_CONFIG$/vcs.xml file is null 
2014-01-30 21:26:14,091 [  15423]   INFO - ellij.project.impl.ProjectImpl - 124 project components initialized in 2172 ms 
2014-01-30 21:26:14,165 [  15497]   INFO - le.impl.ModuleManagerComponent - 1 module(s) loaded in 74 ms 
2014-01-30 21:26:15,051 [  16383]   INFO - .roots.impl.DirectoryIndexImpl - Directory index initialized in 22 ms, indexed 16 directories 
2014-01-30 21:26:15,075 [  16407]   INFO - s.impl.stores.FileBasedStorage - Document was not loaded for $PROJECT_CONFIG_DIR$/sqldialects.xml file is null 
2014-01-30 21:26:15,112 [  16444]   INFO - s.impl.stores.FileBasedStorage - Document was not loaded for $APP_CONFIG$/plainTextFiles.xml file is null 
2014-01-30 21:26:15,128 [  16460]   INFO - pl.PushedFilePropertiesUpdater - File properties pushed in 73 ms 
2014-01-30 21:26:15,912 [  17244]   INFO - indexing.UnindexedFilesUpdater - Indexable files iterated in 682 ms 
2014-01-30 21:26:15,912 [  17244]   INFO - indexing.UnindexedFilesUpdater - Unindexed files update started: 0 files to update 
2014-01-30 21:26:15,912 [  17244]   INFO - indexing.UnindexedFilesUpdater - Unindexed files update done in 0 ms 
2014-01-30 21:26:15,939 [  17271]   INFO - rains.ide.BuiltInServerManager - built-in server started, port 63342 
2014-01-30 21:26:15,964 [  17296]   INFO - s.impl.stores.FileBasedStorage - Document was not loaded for $PROJECT_CONFIG_DIR$/phing.xml file is null 
2014-01-30 21:26:18,804 [  20136]   INFO - tor.impl.FileEditorManagerImpl - Project opening took 6979 ms 
2014-01-30 21:26:19,103 [  20435]   INFO - s.impl.stores.FileBasedStorage - Document was not loaded for $PROJECT_CONFIG_DIR$/webResources.xml file is null 
2014-01-30 21:26:19,145 [  20477]   INFO - s.impl.stores.FileBasedStorage - Document was not loaded for $PROJECT_CONFIG_DIR$/fileColors.xml file is null 
2014-01-30 21:26:41,992 [  43324]   INFO - s.impl.stores.FileBasedStorage - Document was not loaded for $APP_CONFIG$/print.xml file is null 
2014-01-30 21:26:42,083 [  43415]   INFO - s.impl.stores.FileBasedStorage - Document was not loaded for $APP_CONFIG$/jdk.table.xml file is null 
2014-01-30 21:26:42,091 [  43423]   INFO - s.impl.stores.FileBasedStorage - Document was not loaded for $APP_CONFIG$/emmet.xml file is null 
2014-01-30 21:27:22,230 [  83562]   INFO - s.impl.stores.FileBasedStorage - Document was not loaded for $APP_CONFIG$/browsers.xml file is null 
2014-01-30 21:27:22,367 [  83699]   INFO - s.impl.stores.FileBasedStorage - Document was not loaded for $PROJECT_CONFIG_DIR$/codeStyleSettings.xml file is null 
2014-01-30 21:27:22,368 [  83700]   INFO - s.impl.stores.FileBasedStorage - Document was not loaded for $PROJECT_CONFIG_DIR$/projectCodeStyle.xml file is null 
2014-01-30 21:27:22,772 [  84104]   INFO - s.impl.stores.FileBasedStorage - Document was not loaded for $APP_CONFIG$/IntelliLang.xml file is null 
2014-01-30 21:27:22,779 [  84111]   INFO - s.impl.stores.FileBasedStorage - Document was not loaded for $PROJECT_CONFIG_DIR$/IntelliLang.xml file is null 
2014-01-30 21:27:24,049 [  85381]   INFO - s.impl.stores.FileBasedStorage - Document was not loaded for $APP_CONFIG$/intentionSettings.xml file is null 
2014-01-30 21:27:24,765 [  86097]   INFO - s.impl.stores.FileBasedStorage - Document was not loaded for $APP_CONFIG$/dataSources.xml file is null 
2014-01-30 21:27:24,791 [  86123]   INFO - s.impl.stores.FileBasedStorage - Document was not loaded for $PROJECT_CONFIG_DIR$/dataSources.xml file is null 
2014-01-30 21:27:24,809 [  86141]   INFO - s.impl.stores.FileBasedStorage - Document was not loaded for $PROJECT_CONFIG_DIR$/sqlDataSources.xml file is null 
2014-01-30 21:27:26,016 [  87348]   INFO - s.impl.stores.FileBasedStorage - Document was not loaded for $APP_CONFIG$/cachedDictionary.xml file is null 
2014-01-30 21:27:39,158 [ 100490]   INFO - s.impl.stores.FileBasedStorage - Document was not loaded for $PROJECT_CONFIG_DIR$/templateLanguages.xml file is null 
2014-01-30 21:27:44,630 [ 105962]   INFO -   #com.intellij.AbstractBundle - Cannot load resource bundle from *.properties file, falling back to slow class loading: messages.WebIdeBundle 
2014-01-30 21:27:44,631 [ 105963]   INFO - j.ide.plugins.PluginDescriptor - Cannot find plugin com.intellij resource-bundle: messages.WebIdeBundle 
2014-01-30 21:29:01,417 [ 182749]   INFO - s.impl.stores.FileBasedStorage - Document was not loaded for $PROJECT_CONFIG_DIR$/watcherTasks.xml file is null 
2014-01-30 21:31:02,102 [ 303434]   INFO - indexing.UnindexedFilesUpdater - Indexable files iterated in 61 ms 
2014-01-30 21:31:02,103 [ 303435]   INFO - indexing.UnindexedFilesUpdater - Unindexed files update started: 0 files to update 
2014-01-30 21:31:02,104 [ 303436]   INFO - indexing.UnindexedFilesUpdater - Unindexed files update done in 1 ms 
2014-01-30 21:31:02,349 [ 303681]   INFO - s.impl.stores.FileBasedStorage - Document was not loaded for $PROJECT_CONFIG_DIR$/jsLibraryMappings.xml file is null 
2014-01-30 21:31:04,484 [ 305816]   INFO - tellij.xml.Html5SchemaProvider - HTML5_SCHEMA_LOCATION = /home/romainprignon/app/phpstorm/lib/phpstorm.jar!/resources/html5-schema/html5.rnc 
2014-01-30 21:31:04,484 [ 305816]   INFO - tellij.xml.Html5SchemaProvider - XHTML5_SCHEMA_LOCATION = /home/romainprignon/app/phpstorm/lib/phpstorm.jar!/resources/html5-schema/xhtml5.rnc 
2014-01-30 21:31:04,484 [ 305816]   INFO - tellij.xml.Html5SchemaProvider - CHARS_DTD_LOCATION = /home/romainprignon/app/phpstorm/lib/phpstorm.jar!/resources/html5-schema/html5chars.ent 
2014-01-30 21:31:06,085 [ 307417]   INFO - ellij.concurrency.JobScheduler - 50 ms execution limit failed for: com.intellij.plugins.watcher.BackgroundTasksManager$1@1219d563; elapsed time was 780ms 
2014-01-30 21:32:08,168 [ 369500]   WARN - plugins.watcher.util.TaskUtils - Can't find PsiFile by /home/romainprignon/workspace/winecellar/dsfsfsd 
2014-01-30 21:32:58,985 [ 420317]   INFO - s.impl.stores.FileBasedStorage - Document was not loaded for $APP_CONFIG$/php.xml file is null 
2014-01-30 21:32:58,988 [ 420320]   INFO - s.impl.stores.FileBasedStorage - Document was not loaded for $PROJECT_CONFIG_DIR$/php.xml file is null 
2014-01-30 21:32:59,055 [ 420387]   INFO - s.impl.stores.FileBasedStorage - Document was not loaded for $PROJECT_CONFIG_DIR$/databaseColors.xml file is null 
2014-01-30 21:32:59,142 [ 420474]   INFO - org.jetbrains.io.BuiltInServer - web server stopped 
2014-01-30 21:32:59,183 [ 420515]   INFO - il.indexing.FileBasedIndexImpl - START INDEX SHUTDOWN 
2014-01-30 21:32:59,259 [ 420591]   INFO - il.indexing.FileBasedIndexImpl - END INDEX SHUTDOWN 
2014-01-30 21:32:59,259 [ 420591]   INFO - stubs.SerializationManagerImpl - START StubSerializationManager SHUTDOWN 
2014-01-30 21:32:59,261 [ 420593]   INFO - stubs.SerializationManagerImpl - END StubSerializationManager SHUTDOWN 
2014-01-30 21:32:59,261 [ 420593]   INFO - .history.utils.LocalHistoryLog - Purging local history... 
2014-01-30 21:32:59,264 [ 420596]   INFO - .history.utils.LocalHistoryLog - Local history storage successfully closed. 
2014-01-30 21:32:59,433 [ 420765]   WARN - api.vfs.impl.local.FileWatcher - Watcher terminated with exit code 0 
2014-01-30 21:32:59,434 [ 420766]   INFO - newvfs.persistent.PersistentFS - VFS dispose started 
2014-01-30 21:32:59,439 [ 420771]   INFO - newvfs.persistent.PersistentFS - VFS dispose completed 
2014-01-30 21:32:59,453 [ 420785]   INFO -        #com.intellij.idea.Main - ------------------------------------------------------ IDE SHUTDOWN ------------------------------------------------------ 
